bitcoin.exe,C:\MinGW\bitcoin.exe
bitcoin.exe,C:\MinGW\bitcoin.exe
bitcoin.exe,C:\MinGW\bitcoin.exe
bitcoin.exe,C:\MinGW\bitcoin.exe
bitcoin.exe,C:\MinGW\bitcoin.exe
bitcoin.exe,C:\MinGW\bitcoin.exe
bitcoin.exe,C:\MinGW\bitcoin.exe
bitcoin.exe,C:\MinGW\bitcoin.exe
bitcoin.exe,C:\MinGW\bitcoin.exe
bitcoin.exe,C:\MinGW\bitcoin.exe
bitcoin.exe,C:\lib\bitcoin.exe
bitcoind.exe,C:\Users\Beast\Desktop\bitcoin-0.21.0\bin\bitcoind.exe
bitcoin.exe,C:\Amazon Games\bitcoin.exe
bitcoin.exe,C:\Amazon Games\bitcoin.exe
bitcoin.exe,C:\Amazon Games\bitcoin.exe
bitcoin.exe,C:\Amazon Games\bitcoin.exe
bitcoin.exe,C:\Amazon Games\bitcoin.exe
bitcoin.exe,C:\Amazon Games\bitcoin.exe
bitcoin.exe,C:\Program Files\bitcoin.exe
bitcoin.exe,C:\Program Files\bitcoin.exe
bitcoin.exe,C:\ProgramData\bitcoin.exe
bitcoin.exe,C:\ProgramData\bitcoin.exe
bitcoin.exe,C:\Program Files\bitcoin.exe
